[debug] [2021-09-15T11:39:44.883Z] ----------------------------------------------------------------------
[debug] [2021-09-15T11:39:44.884Z] Command:       /usr/bin/node /usr/bin/firebase init
[debug] [2021-09-15T11:39:44.884Z] CLI Version:   9.17.0
[debug] [2021-09-15T11:39:44.885Z] Platform:      linux
[debug] [2021-09-15T11:39:44.885Z] Node Version:  v15.8.0
[debug] [2021-09-15T11:39:44.885Z] Time:          Wed Sep 15 2021 17:24:44 GMT+0545 (Nepal Time)
[debug] [2021-09-15T11:39:44.885Z] ----------------------------------------------------------------------
[debug] 
[debug] [2021-09-15T11:39:44.886Z] >>> [apiv2][query] GET https://firebase-public.firebaseio.com/cli.json [none]
[debug] [2021-09-15T11:39:44.899Z] > command requires scopes: ["email","openid","https://www.googleapis.com/auth/cloudplatformprojects.readonly","https://www.googleapis.com/auth/firebase","https://www.googleapis.com/auth/cloud-platform"]
[debug] [2021-09-15T11:39:44.900Z] > authorizing via signed-in user (monkeychan098@gmail.com)
[info] 
     ######## #### ########  ######## ########     ###     ######  ########
     ##        ##  ##     ## ##       ##     ##  ##   ##  ##       ##
     ######    ##  ########  ######   ########  #########  ######  ######
     ##        ##  ##    ##  ##       ##     ## ##     ##       ## ##
     ##       #### ##     ## ######## ########  ##     ##  ######  ########

You're about to initialize a Firebase project in this directory:

  /home/sarthak/Projects/netflix-clone

[debug] [2021-09-15T11:39:46.041Z] <<< [apiv2][status] GET https://firebase-public.firebaseio.com/cli.json 200
[debug] [2021-09-15T11:39:46.042Z] <<< [apiv2][body] GET https://firebase-public.firebaseio.com/cli.json {"cloudBuildErrorAfter":1594252800000,"cloudBuildWarnAfter":1590019200000,"defaultNode10After":1594252800000,"minVersion":"3.0.5","node8DeploysDisabledAfter":1613390400000,"node8RuntimeDisabledAfter":1615809600000,"node8WarnAfter":1600128000000}
[info] 
=== Project Setup
[info] 
[info] First, let's associate this project directory with a Firebase project.
[info] You can create multiple project aliases by running firebase use --add, 
[info] but for now we'll just set up a default project.
[info] 
[debug] [2021-09-15T11:40:33.330Z] > refreshing access token with scopes: []
[debug] [2021-09-15T11:40:33.331Z] >>> HTTP REQUEST POST https://www.googleapis.com/oauth2/v3/token  
 <request body omitted>
[debug] [2021-09-15T11:40:33.788Z] <<< HTTP RESPONSE 200 {"expires":"Mon, 01 Jan 1990 00:00:00 GMT","cache-control":"no-cache, no-store, max-age=0, must-revalidate","pragma":"no-cache","date":"Wed, 15 Sep 2021 11:40:33 GMT","content-type":"application/json; charset=utf-8","vary":"X-Origin, Referer, Origin,Accept-Encoding","server":"scaffolding on HTTPServer2","x-xss-protection":"0","x-frame-options":"SAMEORIGIN","x-content-type-options":"nosniff","alt-svc":"h3=\":443\"; ma=2592000,h3-29=\":443\"; ma=2592000,h3-T051=\":443\"; ma=2592000,h3-Q050=\":443\"; ma=2592000,h3-Q046=\":443\"; ma=2592000,h3-Q043=\":443\"; ma=2592000,quic=\":443\"; ma=2592000; v=\"46,43\"","accept-ranges":"none","transfer-encoding":"chunked"}
[debug] [2021-09-15T11:40:33.867Z] >>> [apiv2][query] GET https://firebase.googleapis.com/v1beta1/projects pageSize=100
[debug] [2021-09-15T11:40:34.652Z] <<< [apiv2][status] GET https://firebase.googleapis.com/v1beta1/projects 200
[debug] [2021-09-15T11:40:34.652Z] <<< [apiv2][body] GET https://firebase.googleapis.com/v1beta1/projects [omitted]
[info] i  Using project netflix-clone-524e6 (netflix-clone) 
[info] 
=== Hosting:github Setup
[info] 
[info] i  Detected a .git folder at /home/sarthak/Projects/netflix-clone 
[info] i  Authorizing with GitHub to upload your service account to a GitHub repository's secrets store. 
[info] 
[info] Visit this URL on this device to log in:
[info] https://github.com/login/oauth/authorize?client_id=89cf50f02ac6aaed3484&state=1051488012&redirect_uri=http%3A%2F%2Flocalhost%3A9005&scope=read%3Auser%20repo%20public_repo
[info] 
[info] Waiting for authentication...
[debug] [2021-09-15T11:40:49.504Z] >>> HTTP REQUEST POST https://github.com/login/oauth/access_token  
 {"client_id":"89cf50f02ac6aaed3484","client_secret":"3330d14abc895d9a74d5f17cd7a00711fa2c5bf0","code":"73431b121f488659d62a","redirect_uri":"http://localhost:9005","state":"1051488012"}
[debug] [2021-09-15T11:40:50.128Z] <<< HTTP RESPONSE 200 {"server":"GitHub.com","date":"Wed, 15 Sep 2021 11:40:49 GMT","content-type":"application/json; charset=utf-8","transfer-encoding":"chunked","vary":"X-PJAX, X-PJAX-Container, Accept-Encoding, Accept, X-Requested-With","permissions-policy":"interest-cohort=()","etag":"W/\"c1285210d74cdffd7001a5623f5029b7\"","cache-control":"max-age=0, private, must-revalidate","strict-transport-security":"max-age=31536000; includeSubdomains; preload","x-frame-options":"deny","x-content-type-options":"nosniff","x-xss-protection":"0","referrer-policy":"origin-when-cross-origin, strict-origin-when-cross-origin","expect-ct":"max-age=2592000, report-uri=\"https://api.github.com/_private/browser/errors\"","content-security-policy":"default-src 'none'; base-uri 'self'; block-all-mixed-content; connect-src 'self' uploads.github.com www.githubstatus.com collector.githubapp.com api.github.com github-cloud.s3.amazonaws.com github-production-repository-file-5c1aeb.s3.amazonaws.com github-production-upload-manifest-file-7fdce7.s3.amazonaws.com github-production-user-asset-6210df.s3.amazonaws.com cdn.optimizely.com logx.optimizely.com/v1/events translator.github.com wss://alive.github.com; font-src github.githubassets.com; form-action 'self' github.com gist.github.com; frame-ancestors 'none'; frame-src render.githubusercontent.com viewscreen.githubusercontent.com; img-src 'self' data: github.githubassets.com identicons.github.com collector.githubapp.com github-cloud.s3.amazonaws.com secured-user-images.githubusercontent.com/ *.githubusercontent.com; manifest-src 'self'; media-src github.com user-images.githubusercontent.com/; script-src github.githubassets.com; style-src 'unsafe-inline' github.githubassets.com; worker-src github.com/socket-worker-0af8a29d.js gist.github.com/socket-worker-0af8a29d.js","x-github-request-id":"EDC2:69D5:59CF2:7A8AD:6141DBC1"}
[debug] [2021-09-15T11:40:50.152Z] >>> [apiv2][query] GET https://api.github.com/user [none]
[debug] [2021-09-15T11:40:50.697Z] <<< [apiv2][status] GET https://api.github.com/user 200
[debug] [2021-09-15T11:40:50.698Z] <<< [apiv2][body] GET https://api.github.com/user {"login":"Sarthak-777","id":75614771,"node_id":"MDQ6VXNlcjc1NjE0Nzcx","avatar_url":"https://avatars.githubusercontent.com/u/75614771?v=4","gravatar_id":"","url":"https://api.github.com/users/Sarthak-777","html_url":"https://github.com/Sarthak-777","followers_url":"https://api.github.com/users/Sarthak-777/followers","following_url":"https://api.github.com/users/Sarthak-777/following{/other_user}","gists_url":"https://api.github.com/users/Sarthak-777/gists{/gist_id}","starred_url":"https://api.github.com/users/Sarthak-777/starred{/owner}{/repo}","subscriptions_url":"https://api.github.com/users/Sarthak-777/subscriptions","organizations_url":"https://api.github.com/users/Sarthak-777/orgs","repos_url":"https://api.github.com/users/Sarthak-777/repos","events_url":"https://api.github.com/users/Sarthak-777/events{/privacy}","received_events_url":"https://api.github.com/users/Sarthak-777/received_events","type":"User","site_admin":false,"name":"Sarthak-bleepboop","company":null,"blog":"","location":null,"email":null,"hireable":null,"bio":"Big Man","twitter_username":null,"public_repos":22,"public_gists":0,"followers":0,"following":0,"created_at":"2020-12-07T10:43:01Z","updated_at":"2021-09-15T09:19:30Z","private_gists":0,"total_private_repos":6,"owned_private_repos":6,"disk_usage":21319,"collaborators":0,"two_factor_authentication":false,"plan":{"name":"free","space":976562499,"collaborators":0,"private_repos":10000}}
[info] 
[info] ✔  Success! Logged into GitHub as Sarthak-777 
[info] 
